<?xml version="1.0" encoding="UTF-8"?>
<!-- Generated by org.testng.reporters.JUnitXMLReporter -->
<testsuite ignored="0" hostname="DESKTOP-KUI76CU" failures="0" tests="6" name="Default test" time="60.9" errors="0" timestamp="2023-06-10T12:38:12 SGT">
  <testcase classname="api.test.DDTests" name="testPostuser" time="3.286"/>
  <testcase classname="api.test.DDTests" name="testPostuser" time="1.093"/>
  <testcase classname="api.test.DDTests" name="testPostuser" time="16.141"/>
  <testcase classname="api.test.DDTests" name="testDeleteUserByName" time="37.1"/>
  <testcase classname="api.test.DDTests" name="testDeleteUserByName" time="1.353"/>
  <testcase classname="api.test.DDTests" name="testDeleteUserByName" time="1.137"/>
</testsuite> <!-- Default test -->
