<?xml version="1.0" encoding="UTF-8"?>
<testng-results ignored="0" total="4" passed="4" failed="0" skipped="0">
  <reporter-output>
  </reporter-output>
  <suite started-at="2023-06-10T13:17:33 SGT" name="PetSuite" finished-at="2023-06-10T13:17:56 SGT" duration-ms="22518">
    <groups>
    </groups>
    <test started-at="2023-06-10T13:17:33 SGT" name="PetTest" finished-at="2023-06-10T13:17:56 SGT" duration-ms="22518">
      <class name="api.test.UserTests2">
        <test-method is-config="true" signature="setup()[pri:0, instance:api.test.UserTests2@3febb011]" started-at="2023-06-10T13:17:34 SGT" name="setup" finished-at="2023-06-10T13:17:34 SGT" duration-ms="448" status="PASS">
          <reporter-output>
          </reporter-output>
        </test-method> <!-- setup -->
        <test-method signature="testPostUser()[pri:1, instance:api.test.UserTests2@3febb011]" started-at="2023-06-10T13:17:34 SGT" name="testPostUser" finished-at="2023-06-10T13:17:52 SGT" duration-ms="17444" status="PASS">
          <reporter-output>
          </reporter-output>
        </test-method> <!-- testPostUser -->
        <test-method signature="testGetUserByName()[pri:2, instance:api.test.UserTests2@3febb011]" started-at="2023-06-10T13:17:52 SGT" name="testGetUserByName" finished-at="2023-06-10T13:17:53 SGT" duration-ms="1165" status="PASS">
          <reporter-output>
          </reporter-output>
        </test-method> <!-- testGetUserByName -->
        <test-method signature="testUpdateUserByName()[pri:3, instance:api.test.UserTests2@3febb011]" started-at="2023-06-10T13:17:53 SGT" name="testUpdateUserByName" finished-at="2023-06-10T13:17:55 SGT" duration-ms="2210" status="PASS">
          <reporter-output>
          </reporter-output>
        </test-method> <!-- testUpdateUserByName -->
        <test-method signature="testDeleteUserByName()[pri:4, instance:api.test.UserTests2@3febb011]" started-at="2023-06-10T13:17:55 SGT" name="testDeleteUserByName" finished-at="2023-06-10T13:17:56 SGT" duration-ms="1078" status="PASS">
          <reporter-output>
          </reporter-output>
        </test-method> <!-- testDeleteUserByName -->
      </class> <!-- api.test.UserTests2 -->
    </test> <!-- PetTest -->
  </suite> <!-- PetSuite -->
</testng-results>
