<?xml version="1.0" encoding="UTF-8"?>
<!-- Generated by org.testng.reporters.JUnitXMLReporter -->
<testsuite ignored="0" hostname="DESKTOP-KUI76CU" failures="0" tests="4" name="PetTest" time="23.41" errors="0" timestamp="2023-06-10T13:57:06 SGT">
  <testcase classname="api.test.UserTests2" name="testPostUser" time="3.233"/>
  <testcase classname="api.test.UserTests2" name="testGetUserByName" time="1.16"/>
  <testcase classname="api.test.UserTests2" name="testUpdateUserByName" time="2.23"/>
  <testcase classname="api.test.UserTests2" name="testDeleteUserByName" time="16.212"/>
</testsuite> <!-- PetTest -->
