<?xml version="1.0" encoding="UTF-8"?>
<!-- Generated by org.testng.reporters.JUnitXMLReporter -->
<testsuite ignored="0" hostname="DESKTOP-KUI76CU" failures="0" tests="4" name="PetTest" time="22.518" errors="0" timestamp="2023-06-10T13:17:56 SGT">
  <testcase classname="api.test.UserTests2" name="testPostUser" time="17.444"/>
  <testcase classname="api.test.UserTests2" name="testGetUserByName" time="1.165"/>
  <testcase classname="api.test.UserTests2" name="testUpdateUserByName" time="2.21"/>
  <testcase classname="api.test.UserTests2" name="testDeleteUserByName" time="1.078"/>
</testsuite> <!-- PetTest -->
